<?xml version="1.0" encoding="UTF-8"?>
<testsuite xmlns:xsi="http://www.w3.org/2001/XMLSchema-instance" xsi:noNamespaceSchemaLocation="https://maven.apache.org/surefire/maven-surefire-plugin/xsd/surefire-test-report-3.0.xsd" version="3.0" name="TestSuite" time="9.745" tests="3" errors="0" skipped="0" failures="0">
  <properties>
    <property name="java.specification.version" value="22"/>
    <property name="webdriver.chrome.driver" value="chromedriver"/>
    <property name="sun.jnu.encoding" value="UTF-8"/>
    <property name="java.class.path" value="/home/nashtech/IdeaProjects/selenium_demo-main/target/test-classes:/home/nashtech/IdeaProjects/selenium_demo-main/target/classes:/home/nashtech/.m2/repository/com/amazonaws/aws-java-sdk-s3/1.12.306/aws-java-sdk-s3-1.12.306.jar:/home/nashtech/.m2/repository/com/amazonaws/aws-java-sdk-kms/1.12.306/aws-java-sdk-kms-1.12.306.jar:/home/nashtech/.m2/repository/com/amazonaws/aws-java-sdk-core/1.12.306/aws-java-sdk-core-1.12.306.jar:/home/nashtech/.m2/repository/commons-logging/commons-logging/1.1.3/commons-logging-1.1.3.jar:/home/nashtech/.m2/repository/commons-codec/commons-codec/1.15/commons-codec-1.15.jar:/home/nashtech/.m2/repository/software/amazon/ion/ion-java/1.0.2/ion-java-1.0.2.jar:/home/nashtech/.m2/repository/com/fasterxml/jackson/core/jackson-databind/2.12.6.1/jackson-databind-2.12.6.1.jar:/home/nashtech/.m2/repository/com/fasterxml/jackson/core/jackson-annotations/2.12.6/jackson-annotations-2.12.6.jar:/home/nashtech/.m2/repository/com/fasterxml/jackson/core/jackson-core/2.12.6/jackson-core-2.12.6.jar:/home/nashtech/.m2/repository/com/fasterxml/jackson/dataformat/jackson-dataformat-cbor/2.12.6/jackson-dataformat-cbor-2.12.6.jar:/home/nashtech/.m2/repository/joda-time/joda-time/2.8.1/joda-time-2.8.1.jar:/home/nashtech/.m2/repository/com/amazonaws/jmespath-java/1.12.306/jmespath-java-1.12.306.jar:/home/nashtech/.m2/repository/org/seleniumhq/selenium/selenium-server/3.141.59/selenium-server-3.141.59.jar:/home/nashtech/.m2/repository/org/seleniumhq/selenium/selenium-api/3.141.59/selenium-api-3.141.59.jar:/home/nashtech/.m2/repository/org/seleniumhq/selenium/selenium-chrome-driver/3.141.59/selenium-chrome-driver-3.141.59.jar:/home/nashtech/.m2/repository/org/seleniumhq/selenium/selenium-edge-driver/3.141.59/selenium-edge-driver-3.141.59.jar:/home/nashtech/.m2/repository/org/seleniumhq/selenium/selenium-firefox-driver/3.141.59/selenium-firefox-driver-3.141.59.jar:/home/nashtech/.m2/repository/org/seleniumhq/selenium/selenium-ie-driver/3.141.59/selenium-ie-driver-3.141.59.jar:/home/nashtech/.m2/repository/org/seleniumhq/selenium/selenium-opera-driver/3.141.59/selenium-opera-driver-3.141.59.jar:/home/nashtech/.m2/repository/org/seleniumhq/selenium/selenium-remote-driver/3.141.59/selenium-remote-driver-3.141.59.jar:/home/nashtech/.m2/repository/org/seleniumhq/selenium/selenium-safari-driver/3.141.59/selenium-safari-driver-3.141.59.jar:/home/nashtech/.m2/repository/org/seleniumhq/selenium/selenium-support/3.141.59/selenium-support-3.141.59.jar:/home/nashtech/.m2/repository/com/beust/jcommander/1.72/jcommander-1.72.jar:/home/nashtech/.m2/repository/net/bytebuddy/byte-buddy/1.8.15/byte-buddy-1.8.15.jar:/home/nashtech/.m2/repository/org/apache/commons/commons-exec/1.3/commons-exec-1.3.jar:/home/nashtech/.m2/repository/com/google/guava/guava/25.0-jre/guava-25.0-jre.jar:/home/nashtech/.m2/repository/com/google/code/findbugs/jsr305/1.3.9/jsr305-1.3.9.jar:/home/nashtech/.m2/repository/org/checkerframework/checker-compat-qual/2.0.0/checker-compat-qual-2.0.0.jar:/home/nashtech/.m2/repository/com/google/errorprone/error_prone_annotations/2.1.3/error_prone_annotations-2.1.3.jar:/home/nashtech/.m2/repository/com/google/j2objc/j2objc-annotations/1.1/j2objc-annotations-1.1.jar:/home/nashtech/.m2/repository/org/codehaus/mojo/animal-sniffer-annotations/1.14/animal-sniffer-annotations-1.14.jar:/home/nashtech/.m2/repository/net/jcip/jcip-annotations/1.0/jcip-annotations-1.0.jar:/home/nashtech/.m2/repository/org/seleniumhq/selenium/jetty-repacked/9.4.12.v20180830/jetty-repacked-9.4.12.v20180830.jar:/home/nashtech/.m2/repository/com/squareup/okhttp3/okhttp/3.11.0/okhttp-3.11.0.jar:/home/nashtech/.m2/repository/com/squareup/okio/okio/1.14.0/okio-1.14.0.jar:/home/nashtech/.m2/repository/javax/servlet/javax.servlet-api/3.1.0/javax.servlet-api-3.1.0.jar:/home/nashtech/.m2/repository/org/yaml/snakeyaml/1.19/snakeyaml-1.19.jar:/home/nashtech/.m2/repository/org/testng/testng/7.1.0/testng-7.1.0.jar:/home/nashtech/.m2/repository/com/google/inject/guice/4.1.0/guice-4.1.0-no_aop.jar:/home/nashtech/.m2/repository/javax/inject/javax.inject/1/javax.inject-1.jar:/home/nashtech/.m2/repository/aopalliance/aopalliance/1.0/aopalliance-1.0.jar:/home/nashtech/.m2/repository/com/aventstack/extentreports/4.0.6/extentreports-4.0.6.jar:/home/nashtech/.m2/repository/org/freemarker/freemarker/2.3.23/freemarker-2.3.23.jar:/home/nashtech/.m2/repository/org/mongodb/mongodb-driver/3.3.0/mongodb-driver-3.3.0.jar:/home/nashtech/.m2/repository/org/mongodb/mongodb-driver-core/3.3.0/mongodb-driver-core-3.3.0.jar:/home/nashtech/.m2/repository/org/mongodb/bson/3.3.0/bson-3.3.0.jar:/home/nashtech/.m2/repository/org/apache/httpcomponents/httpclient/4.5.2/httpclient-4.5.2.jar:/home/nashtech/.m2/repository/org/apache/httpcomponents/httpcore/4.4.4/httpcore-4.4.4.jar:/home/nashtech/.m2/repository/org/apache/httpcomponents/httpmime/4.5.2/httpmime-4.5.2.jar:/home/nashtech/.m2/repository/com/google/code/gson/gson/2.8.5/gson-2.8.5.jar:/home/nashtech/.m2/repository/com/relevantcodes/extentreports/2.41.2/extentreports-2.41.2.jar:/home/nashtech/.m2/repository/org/jsoup/jsoup/1.8.3/jsoup-1.8.3.jar:/home/nashtech/.m2/repository/org/xerial/sqlite-jdbc/3.8.11.1/sqlite-jdbc-3.8.11.1.jar:/home/nashtech/.m2/repository/org/seleniumhq/selenium/selenium-java/4.0.0-alpha-7/selenium-java-4.0.0-alpha-7.jar:/home/nashtech/.m2/repository/org/seleniumhq/selenium/selenium-devtools-v84/4.0.0-alpha-7/selenium-devtools-v84-4.0.0-alpha-7.jar:/home/nashtech/.m2/repository/com/google/auto/service/auto-service-annotations/1.0-rc7/auto-service-annotations-1.0-rc7.jar:/home/nashtech/.m2/repository/com/google/auto/service/auto-service/1.0-rc7/auto-service-1.0-rc7.jar:/home/nashtech/.m2/repository/com/google/auto/auto-common/0.10/auto-common-0.10.jar:/home/nashtech/.m2/repository/org/seleniumhq/selenium/selenium-devtools/4.0.0-alpha-7/selenium-devtools-4.0.0-alpha-7.jar:/home/nashtech/.m2/repository/org/seleniumhq/selenium/selenium-http/4.0.0-alpha-7/selenium-http-4.0.0-alpha-7.jar:/home/nashtech/.m2/repository/org/seleniumhq/selenium/selenium-json/4.0.0-alpha-7/selenium-json-4.0.0-alpha-7.jar:/home/nashtech/.m2/repository/org/seleniumhq/selenium/selenium-devtools-v85/4.0.0-alpha-7/selenium-devtools-v85-4.0.0-alpha-7.jar:/home/nashtech/.m2/repository/org/seleniumhq/selenium/selenium-devtools-v86/4.0.0-alpha-7/selenium-devtools-v86-4.0.0-alpha-7.jar:/home/nashtech/.m2/repository/org/seleniumhq/selenium/selenium-devtools-v87/4.0.0-alpha-7/selenium-devtools-v87-4.0.0-alpha-7.jar:/home/nashtech/.m2/repository/org/seleniumhq/selenium/selenium-edgehtml-driver/4.0.0-alpha-7/selenium-edgehtml-driver-4.0.0-alpha-7.jar:/home/nashtech/.m2/repository/org/seleniumhq/selenium/selenium-firefox-xpi-driver/4.0.0-alpha-7/selenium-firefox-xpi-driver-4.0.0-alpha-7.jar:/home/nashtech/.m2/repository/org/apache/logging/log4j/log4j-core/2.20.0/log4j-core-2.20.0.jar:/home/nashtech/.m2/repository/org/apache/logging/log4j/log4j-api/2.20.0/log4j-api-2.20.0.jar:"/>
    <property name="java.vm.vendor" value="Oracle Corporation"/>
    <property name="sun.arch.data.model" value="64"/>
    <property name="java.vendor.url" value="https://java.oracle.com/"/>
    <property name="user.timezone" value="Asia/Kolkata"/>
    <property name="os.name" value="Linux"/>
    <property name="java.vm.specification.version" value="22"/>
    <property name="sun.java.launcher" value="SUN_STANDARD"/>
    <property name="user.country" value="IN"/>
    <property name="sun.boot.library.path" value="/usr/lib/jvm/jdk-22.0.2-oracle-x64/lib"/>
    <property name="sun.java.command" value="/home/nashtech/IdeaProjects/selenium_demo-main/target/surefire/surefirebooter4123090035954859179.jar /home/nashtech/IdeaProjects/selenium_demo-main/target/surefire 2024-08-09T09-59-30_003-jvmRun1 surefire6504734260920920652tmp surefire_012871682631144670615tmp"/>
    <property name="jdk.debug" value="release"/>
    <property name="surefire.test.class.path" value="/home/nashtech/IdeaProjects/selenium_demo-main/target/test-classes:/home/nashtech/IdeaProjects/selenium_demo-main/target/classes:/home/nashtech/.m2/repository/com/amazonaws/aws-java-sdk-s3/1.12.306/aws-java-sdk-s3-1.12.306.jar:/home/nashtech/.m2/repository/com/amazonaws/aws-java-sdk-kms/1.12.306/aws-java-sdk-kms-1.12.306.jar:/home/nashtech/.m2/repository/com/amazonaws/aws-java-sdk-core/1.12.306/aws-java-sdk-core-1.12.306.jar:/home/nashtech/.m2/repository/commons-logging/commons-logging/1.1.3/commons-logging-1.1.3.jar:/home/nashtech/.m2/repository/commons-codec/commons-codec/1.15/commons-codec-1.15.jar:/home/nashtech/.m2/repository/software/amazon/ion/ion-java/1.0.2/ion-java-1.0.2.jar:/home/nashtech/.m2/repository/com/fasterxml/jackson/core/jackson-databind/2.12.6.1/jackson-databind-2.12.6.1.jar:/home/nashtech/.m2/repository/com/fasterxml/jackson/core/jackson-annotations/2.12.6/jackson-annotations-2.12.6.jar:/home/nashtech/.m2/repository/com/fasterxml/jackson/core/jackson-core/2.12.6/jackson-core-2.12.6.jar:/home/nashtech/.m2/repository/com/fasterxml/jackson/dataformat/jackson-dataformat-cbor/2.12.6/jackson-dataformat-cbor-2.12.6.jar:/home/nashtech/.m2/repository/joda-time/joda-time/2.8.1/joda-time-2.8.1.jar:/home/nashtech/.m2/repository/com/amazonaws/jmespath-java/1.12.306/jmespath-java-1.12.306.jar:/home/nashtech/.m2/repository/org/seleniumhq/selenium/selenium-server/3.141.59/selenium-server-3.141.59.jar:/home/nashtech/.m2/repository/org/seleniumhq/selenium/selenium-api/3.141.59/selenium-api-3.141.59.jar:/home/nashtech/.m2/repository/org/seleniumhq/selenium/selenium-chrome-driver/3.141.59/selenium-chrome-driver-3.141.59.jar:/home/nashtech/.m2/repository/org/seleniumhq/selenium/selenium-edge-driver/3.141.59/selenium-edge-driver-3.141.59.jar:/home/nashtech/.m2/repository/org/seleniumhq/selenium/selenium-firefox-driver/3.141.59/selenium-firefox-driver-3.141.59.jar:/home/nashtech/.m2/repository/org/seleniumhq/selenium/selenium-ie-driver/3.141.59/selenium-ie-driver-3.141.59.jar:/home/nashtech/.m2/repository/org/seleniumhq/selenium/selenium-opera-driver/3.141.59/selenium-opera-driver-3.141.59.jar:/home/nashtech/.m2/repository/org/seleniumhq/selenium/selenium-remote-driver/3.141.59/selenium-remote-driver-3.141.59.jar:/home/nashtech/.m2/repository/org/seleniumhq/selenium/selenium-safari-driver/3.141.59/selenium-safari-driver-3.141.59.jar:/home/nashtech/.m2/repository/org/seleniumhq/selenium/selenium-support/3.141.59/selenium-support-3.141.59.jar:/home/nashtech/.m2/repository/com/beust/jcommander/1.72/jcommander-1.72.jar:/home/nashtech/.m2/repository/net/bytebuddy/byte-buddy/1.8.15/byte-buddy-1.8.15.jar:/home/nashtech/.m2/repository/org/apache/commons/commons-exec/1.3/commons-exec-1.3.jar:/home/nashtech/.m2/repository/com/google/guava/guava/25.0-jre/guava-25.0-jre.jar:/home/nashtech/.m2/repository/com/google/code/findbugs/jsr305/1.3.9/jsr305-1.3.9.jar:/home/nashtech/.m2/repository/org/checkerframework/checker-compat-qual/2.0.0/checker-compat-qual-2.0.0.jar:/home/nashtech/.m2/repository/com/google/errorprone/error_prone_annotations/2.1.3/error_prone_annotations-2.1.3.jar:/home/nashtech/.m2/repository/com/google/j2objc/j2objc-annotations/1.1/j2objc-annotations-1.1.jar:/home/nashtech/.m2/repository/org/codehaus/mojo/animal-sniffer-annotations/1.14/animal-sniffer-annotations-1.14.jar:/home/nashtech/.m2/repository/net/jcip/jcip-annotations/1.0/jcip-annotations-1.0.jar:/home/nashtech/.m2/repository/org/seleniumhq/selenium/jetty-repacked/9.4.12.v20180830/jetty-repacked-9.4.12.v20180830.jar:/home/nashtech/.m2/repository/com/squareup/okhttp3/okhttp/3.11.0/okhttp-3.11.0.jar:/home/nashtech/.m2/repository/com/squareup/okio/okio/1.14.0/okio-1.14.0.jar:/home/nashtech/.m2/repository/javax/servlet/javax.servlet-api/3.1.0/javax.servlet-api-3.1.0.jar:/home/nashtech/.m2/repository/org/yaml/snakeyaml/1.19/snakeyaml-1.19.jar:/home/nashtech/.m2/repository/org/testng/testng/7.1.0/testng-7.1.0.jar:/home/nashtech/.m2/repository/com/google/inject/guice/4.1.0/guice-4.1.0-no_aop.jar:/home/nashtech/.m2/repository/javax/inject/javax.inject/1/javax.inject-1.jar:/home/nashtech/.m2/repository/aopalliance/aopalliance/1.0/aopalliance-1.0.jar:/home/nashtech/.m2/repository/com/aventstack/extentreports/4.0.6/extentreports-4.0.6.jar:/home/nashtech/.m2/repository/org/freemarker/freemarker/2.3.23/freemarker-2.3.23.jar:/home/nashtech/.m2/repository/org/mongodb/mongodb-driver/3.3.0/mongodb-driver-3.3.0.jar:/home/nashtech/.m2/repository/org/mongodb/mongodb-driver-core/3.3.0/mongodb-driver-core-3.3.0.jar:/home/nashtech/.m2/repository/org/mongodb/bson/3.3.0/bson-3.3.0.jar:/home/nashtech/.m2/repository/org/apache/httpcomponents/httpclient/4.5.2/httpclient-4.5.2.jar:/home/nashtech/.m2/repository/org/apache/httpcomponents/httpcore/4.4.4/httpcore-4.4.4.jar:/home/nashtech/.m2/repository/org/apache/httpcomponents/httpmime/4.5.2/httpmime-4.5.2.jar:/home/nashtech/.m2/repository/com/google/code/gson/gson/2.8.5/gson-2.8.5.jar:/home/nashtech/.m2/repository/com/relevantcodes/extentreports/2.41.2/extentreports-2.41.2.jar:/home/nashtech/.m2/repository/org/jsoup/jsoup/1.8.3/jsoup-1.8.3.jar:/home/nashtech/.m2/repository/org/xerial/sqlite-jdbc/3.8.11.1/sqlite-jdbc-3.8.11.1.jar:/home/nashtech/.m2/repository/org/seleniumhq/selenium/selenium-java/4.0.0-alpha-7/selenium-java-4.0.0-alpha-7.jar:/home/nashtech/.m2/repository/org/seleniumhq/selenium/selenium-devtools-v84/4.0.0-alpha-7/selenium-devtools-v84-4.0.0-alpha-7.jar:/home/nashtech/.m2/repository/com/google/auto/service/auto-service-annotations/1.0-rc7/auto-service-annotations-1.0-rc7.jar:/home/nashtech/.m2/repository/com/google/auto/service/auto-service/1.0-rc7/auto-service-1.0-rc7.jar:/home/nashtech/.m2/repository/com/google/auto/auto-common/0.10/auto-common-0.10.jar:/home/nashtech/.m2/repository/org/seleniumhq/selenium/selenium-devtools/4.0.0-alpha-7/selenium-devtools-4.0.0-alpha-7.jar:/home/nashtech/.m2/repository/org/seleniumhq/selenium/selenium-http/4.0.0-alpha-7/selenium-http-4.0.0-alpha-7.jar:/home/nashtech/.m2/repository/org/seleniumhq/selenium/selenium-json/4.0.0-alpha-7/selenium-json-4.0.0-alpha-7.jar:/home/nashtech/.m2/repository/org/seleniumhq/selenium/selenium-devtools-v85/4.0.0-alpha-7/selenium-devtools-v85-4.0.0-alpha-7.jar:/home/nashtech/.m2/repository/org/seleniumhq/selenium/selenium-devtools-v86/4.0.0-alpha-7/selenium-devtools-v86-4.0.0-alpha-7.jar:/home/nashtech/.m2/repository/org/seleniumhq/selenium/selenium-devtools-v87/4.0.0-alpha-7/selenium-devtools-v87-4.0.0-alpha-7.jar:/home/nashtech/.m2/repository/org/seleniumhq/selenium/selenium-edgehtml-driver/4.0.0-alpha-7/selenium-edgehtml-driver-4.0.0-alpha-7.jar:/home/nashtech/.m2/repository/org/seleniumhq/selenium/selenium-firefox-xpi-driver/4.0.0-alpha-7/selenium-firefox-xpi-driver-4.0.0-alpha-7.jar:/home/nashtech/.m2/repository/org/apache/logging/log4j/log4j-core/2.20.0/log4j-core-2.20.0.jar:/home/nashtech/.m2/repository/org/apache/logging/log4j/log4j-api/2.20.0/log4j-api-2.20.0.jar:"/>
    <property name="sun.cpu.endian" value="little"/>
    <property name="user.home" value="/home/nashtech"/>
    <property name="user.language" value="en"/>
    <property name="java.specification.vendor" value="Oracle Corporation"/>
    <property name="java.version.date" value="2024-07-16"/>
    <property name="java.home" value="/usr/lib/jvm/jdk-22.0.2-oracle-x64"/>
    <property name="file.separator" value="/"/>
    <property name="basedir" value="/home/nashtech/IdeaProjects/selenium_demo-main"/>
    <property name="java.vm.compressedOopsMode" value="Zero based"/>
    <property name="line.separator" value="&#10;"/>
    <property name="java.specification.name" value="Java Platform API Specification"/>
    <property name="java.vm.specification.vendor" value="Oracle Corporation"/>
    <property name="surefire.real.class.path" value="/home/nashtech/IdeaProjects/selenium_demo-main/target/surefire/surefirebooter4123090035954859179.jar"/>
    <property name="sun.management.compiler" value="HotSpot 64-Bit Tiered Compilers"/>
    <property name="java.runtime.version" value="22.0.2+9-70"/>
    <property name="user.name" value="nashtech"/>
    <property name="stdout.encoding" value="UTF-8"/>
    <property name="path.separator" value=":"/>
    <property name="os.version" value="6.5.0-45-generic"/>
    <property name="java.runtime.name" value="Java(TM) SE Runtime Environment"/>
    <property name="file.encoding" value="UTF-8"/>
    <property name="java.vm.name" value="Java HotSpot(TM) 64-Bit Server VM"/>
    <property name="localRepository" value="/home/nashtech/.m2/repository"/>
    <property name="java.vendor.url.bug" value="https://bugreport.java.com/bugreport/"/>
    <property name="java.io.tmpdir" value="/tmp"/>
    <property name="java.version" value="22.0.2"/>
    <property name="user.dir" value="/home/nashtech/IdeaProjects/selenium_demo-main"/>
    <property name="os.arch" value="amd64"/>
    <property name="java.vm.specification.name" value="Java Virtual Machine Specification"/>
    <property name="native.encoding" value="UTF-8"/>
    <property name="java.library.path" value="/usr/java/packages/lib:/usr/lib64:/lib64:/lib:/usr/lib"/>
    <property name="java.vm.info" value="mixed mode, sharing"/>
    <property name="stderr.encoding" value="UTF-8"/>
    <property name="java.vendor" value="Oracle Corporation"/>
    <property name="java.vm.version" value="22.0.2+9-70"/>
    <property name="sun.io.unicode.encoding" value="UnicodeLittle"/>
    <property name="java.class.version" value="66.0"/>
  </properties>
  <testcase name="testGoogleTitle" classname="Tests.BasicSeleniumTest" time="2.502">
    <system-out><![CDATA[2024-08-09 09:59:31 INFO  Tests.BasicSeleniumTest - ChromeDriver initialized successfully.
2024-08-09 09:59:34 INFO  Tests.BasicSeleniumTest - Page title: Google
]]></system-out>
    <system-err><![CDATA[Starting ChromeDriver 127.0.6533.57 (d4459446bf8a5dbb9ba3b4a3675f9b4361323538-refs/branch-heads/6533@{#1561}) on port 2282
Only local connections are allowed.
Please see https://chromedriver.chromium.org/security-considerations for suggestions on keeping ChromeDriver safe.
ChromeDriver was started successfully.
Aug 09, 2024 9:59:31 AM org.openqa.selenium.remote.ProtocolHandshake createSession
INFO: Detected dialect: W3C
]]></system-err>
  </testcase>
  <testcase name="testSearchButtonPresence" classname="Tests.BasicSeleniumTest" time="1.539">
    <system-out><![CDATA[2024-08-09 09:59:35 INFO  Tests.BasicSeleniumTest - Search Button is as Expected
]]></system-out>
  </testcase>
  <testcase name="testSearchFunctionality" classname="Tests.BasicSeleniumTest" time="4.242">
    <system-out><![CDATA[2024-08-09 09:59:39 INFO  Tests.BasicSeleniumTest - Search Text: WebDriver
]]></system-out>
  </testcase>
</testsuite>