<?xml version="1.0" encoding="UTF-8"?>
<!-- Generated by org.testng.reporters.JUnitReportReporter -->
<testsuite hostname="INL-6N4ZN93" failures="0" tests="3" name="Tests.BasicSeleniumTest" time="8.293" errors="0" timestamp="2024-08-09T09:59:40 IST" skipped="0">
  <testcase classname="Tests.BasicSeleniumTest" name="testGoogleTitle" time="2.511"/>
  <system-out/>
  <testcase classname="Tests.BasicSeleniumTest" name="testSearchFunctionality" time="4.242"/>
  <system-out/>
  <testcase classname="Tests.BasicSeleniumTest" name="testSearchButtonPresence" time="1.540"/>
  <system-out/>
</testsuite> <!-- Tests.BasicSeleniumTest -->
